<?xml version="1.0" encoding="utf-8" standalone="no"?>
<!--This file represents the results of running a test suite-->
<test-results name="C:\Users\UCLCOM5-PC26\Documents\Visual Studio 2012\Projects\FizzBuzzProject\FizzBuzzTest\bin\Release\FizzBuzzTest.dll" total="1" errors="0" failures="0" not-run="0" inconclusive="0" ignored="0" skipped="0" invalid="0" date="2014-10-11" time="10:46:21">
  <environment nunit-version="2.6.3.13283" clr-version="2.0.50727.5420" os-version="Microsoft Windows NT 6.1.7601 Service Pack 1" platform="Win32NT" cwd="C:\Program Files (x86)\NUnit 2.6.3\bin" machine-name="UCLCOM5-PC26-PC" user="UCLCOM5-PC26" user-domain="UCLCOM5-PC26-PC" />
  <culture-info current-culture="es-ES" current-uiculture="es-ES" />
  <test-suite type="Assembly" name="C:\Users\UCLCOM5-PC26\Documents\Visual Studio 2012\Projects\FizzBuzzProject\FizzBuzzTest\bin\Release\FizzBuzzTest.dll" executed="True" result="Success" success="True" time="0.081" asserts="0">
    <results>
      <test-suite type="Namespace" name="FizzBuzzTest" executed="True" result="Success" success="True" time="0.062" asserts="0">
        <results>
          <test-suite type="TestFixture" name="FizzBuzzTest" executed="True" result="Success" success="True" time="0.060" asserts="0">
            <results>
              <test-case name="FizzBuzzTest.FizzBuzzTest.TestNumero1" executed="True" result="Success" success="True" time="0.047" asserts="1" />
            </results>
          </test-suite>
        </results>
      </test-suite>
    </results>
  </test-suite>
</test-results>