<?xml version="1.0" encoding="utf-8" standalone="no"?>
<!--This file represents the results of running a test suite-->
<test-results name="G:\FizzBuzzProject\FizzBuzzTest\bin\Debug\FizzBuzzTest.dll" total="1" errors="0" failures="1" not-run="0" inconclusive="0" ignored="0" skipped="0" invalid="0" date="2014-10-11" time="12:58:01">
  <environment nunit-version="2.6.3.13283" clr-version="2.0.50727.5472" os-version="Microsoft Windows NT 6.1.7601 Service Pack 1" platform="Win32NT" cwd="C:\Program Files (x86)\NUnit 2.6.3\bin" machine-name="ARCG-PC" user="Alex" user-domain="ARCG-PC" />
  <culture-info current-culture="es-PE" current-uiculture="es-ES" />
  <test-suite type="Assembly" name="G:\FizzBuzzProject\FizzBuzzTest\bin\Debug\FizzBuzzTest.dll" executed="True" result="Failure" success="False" time="0.004" asserts="0">
    <results>
      <test-suite type="Namespace" name="FizzBuzzTest" executed="True" result="Failure" success="False" time="0.003" asserts="0">
        <results>
          <test-suite type="TestFixture" name="FizzBuzzTest" executed="True" result="Failure" success="False" time="0.002" asserts="0">
            <results>
              <test-case name="FizzBuzzTest.FizzBuzzTest.TestNumero1" executed="True" result="Failure" success="False" time="0.001" asserts="1">
                <failure>
                  <message><![CDATA[  String lengths are both 1. Strings differ at index 0.
  Expected: "2"
  But was:  "1"
  -----------^
]]></message>
                  <stack-trace><![CDATA[en FizzBuzzTest.FizzBuzzTest.TestNumero1() en c:\Users\UCLCOM5-PC26\Documents\Visual Studio 2012\Projects\FizzBuzzProject\FizzBuzzTest\FizzBuzzTest.cs:línea 33
]]></stack-trace>
                </failure>
              </test-case>
            </results>
          </test-suite>
        </results>
      </test-suite>
    </results>
  </test-suite>
</test-results>